{"C:\\Users\\kevin\\OneDrive\\Documentos\\Proyectos\\repo-interview-kata\\src\\domain\\entities\\Task.ts": {"path":"C:\\Users\\kevin\\OneDrive\\Documentos\\Proyectos\\repo-interview-kata\\src\\domain\\entities\\Task.ts","statementMap":{"0":{"start":{"line":20,"column":4},"end":{"line":20,"column":24}},"1":{"start":{"line":21,"column":4},"end":{"line":21,"column":28}},"2":{"start":{"line":22,"column":4},"end":{"line":22,"column":38}},"3":{"start":{"line":23,"column":4},"end":{"line":23,"column":32}},"4":{"start":{"line":24,"column":4},"end":{"line":24,"column":46}},"5":{"start":{"line":25,"column":4},"end":{"line":25,"column":32}}},"fnMap":{"0":{"name":"(anonymous_0)","decl":{"start":{"line":19,"column":2},"end":{"line":19,"column":3}},"loc":{"start":{"line":19,"column":45},"end":{"line":26,"column":3}},"line":19}},"branchMap":{},"s":{"0":10,"1":10,"2":10,"3":10,"4":10,"5":10},"f":{"0":10},"b":{},"_coverageSchema":"1a1c01bbd47fc00a2c39e90264f33305004495a9","hash":"e8f1ad783024b5b2dadd8b2f1ca3fced00e28519"}
,"C:\\Users\\kevin\\OneDrive\\Documentos\\Proyectos\\repo-interview-kata\\src\\domain\\repositories\\TaskRepository.ts": {"path":"C:\\Users\\kevin\\OneDrive\\Documentos\\Proyectos\\repo-interview-kata\\src\\domain\\repositories\\TaskRepository.ts","statementMap":{},"fnMap":{},"branchMap":{},"s":{},"f":{},"b":{},"_coverageSchema":"1a1c01bbd47fc00a2c39e90264f33305004495a9","hash":"fa5d9c5970c8f4e64fc0b6104c25ef910883025d"}
,"C:\\Users\\kevin\\OneDrive\\Documentos\\Proyectos\\repo-interview-kata\\src\\domain\\useCases\\GetAllTasksUseCase\\index.ts": {"path":"C:\\Users\\kevin\\OneDrive\\Documentos\\Proyectos\\repo-interview-kata\\src\\domain\\useCases\\GetAllTasksUseCase\\index.ts","statementMap":{"0":{"start":{"line":13,"column":4},"end":{"line":13,"column":45}}},"fnMap":{"0":{"name":"(anonymous_0)","decl":{"start":{"line":10,"column":2},"end":{"line":10,"column":3}},"loc":{"start":{"line":10,"column":93},"end":{"line":10,"column":95}},"line":10},"1":{"name":"(anonymous_1)","decl":{"start":{"line":12,"column":2},"end":{"line":12,"column":3}},"loc":{"start":{"line":12,"column":32},"end":{"line":14,"column":3}},"line":12}},"branchMap":{},"s":{"0":0},"f":{"0":0,"1":0},"b":{},"_coverageSchema":"1a1c01bbd47fc00a2c39e90264f33305004495a9","hash":"8aab65d56dca80a07b49aa1b21db4d5b61ccd97d"}
,"C:\\Users\\kevin\\OneDrive\\Documentos\\Proyectos\\repo-interview-kata\\src\\domain\\useCases\\ObserveTasksUseCase\\index.ts": {"path":"C:\\Users\\kevin\\OneDrive\\Documentos\\Proyectos\\repo-interview-kata\\src\\domain\\useCases\\ObserveTasksUseCase\\index.ts","statementMap":{"0":{"start":{"line":14,"column":4},"end":{"line":14,"column":63}}},"fnMap":{"0":{"name":"(anonymous_0)","decl":{"start":{"line":11,"column":2},"end":{"line":11,"column":3}},"loc":{"start":{"line":11,"column":93},"end":{"line":11,"column":95}},"line":11},"1":{"name":"(anonymous_1)","decl":{"start":{"line":13,"column":2},"end":{"line":13,"column":3}},"loc":{"start":{"line":13,"column":44},"end":{"line":15,"column":3}},"line":13}},"branchMap":{},"s":{"0":1},"f":{"0":1,"1":1},"b":{},"_coverageSchema":"1a1c01bbd47fc00a2c39e90264f33305004495a9","hash":"d742500460fe1b0013667dc6766904ea72ac3b75"}
,"C:\\Users\\kevin\\OneDrive\\Documentos\\Proyectos\\repo-interview-kata\\src\\domain\\useCases\\SyncTasksUseCase\\index.ts": {"path":"C:\\Users\\kevin\\OneDrive\\Documentos\\Proyectos\\repo-interview-kata\\src\\domain\\useCases\\SyncTasksUseCase\\index.ts","statementMap":{"0":{"start":{"line":12,"column":4},"end":{"line":12,"column":43}}},"fnMap":{"0":{"name":"(anonymous_0)","decl":{"start":{"line":9,"column":2},"end":{"line":9,"column":3}},"loc":{"start":{"line":9,"column":93},"end":{"line":9,"column":95}},"line":9},"1":{"name":"(anonymous_1)","decl":{"start":{"line":11,"column":2},"end":{"line":11,"column":3}},"loc":{"start":{"line":11,"column":30},"end":{"line":13,"column":3}},"line":11}},"branchMap":{},"s":{"0":1},"f":{"0":1,"1":1},"b":{},"_coverageSchema":"1a1c01bbd47fc00a2c39e90264f33305004495a9","hash":"423865ed5bf9ac615c7a1b7c6f10ca1fbf43c9f2"}
,"C:\\Users\\kevin\\OneDrive\\Documentos\\Proyectos\\repo-interview-kata\\src\\domain\\useCases\\ToggleTaskCompletedUseCase\\index.ts": {"path":"C:\\Users\\kevin\\OneDrive\\Documentos\\Proyectos\\repo-interview-kata\\src\\domain\\useCases\\ToggleTaskCompletedUseCase\\index.ts","statementMap":{"0":{"start":{"line":17,"column":4},"end":{"line":17,"column":80}}},"fnMap":{"0":{"name":"(anonymous_0)","decl":{"start":{"line":14,"column":2},"end":{"line":14,"column":3}},"loc":{"start":{"line":14,"column":93},"end":{"line":14,"column":95}},"line":14},"1":{"name":"(anonymous_1)","decl":{"start":{"line":16,"column":2},"end":{"line":16,"column":3}},"loc":{"start":{"line":16,"column":54},"end":{"line":18,"column":3}},"line":16}},"branchMap":{},"s":{"0":1},"f":{"0":1,"1":1},"b":{},"_coverageSchema":"1a1c01bbd47fc00a2c39e90264f33305004495a9","hash":"1bfa74c58964364c70ff5d0dc05314ce4575cd23"}
,"C:\\Users\\kevin\\OneDrive\\Documentos\\Proyectos\\repo-interview-kata\\src\\ui\\screens\\Home\\HomeViewModel.ts": {"path":"C:\\Users\\kevin\\OneDrive\\Documentos\\Proyectos\\repo-interview-kata\\src\\ui\\screens\\Home\\HomeViewModel.ts","statementMap":{"0":{"start":{"line":19,"column":19},"end":{"line":19,"column":24}},"1":{"start":{"line":20,"column":22},"end":{"line":20,"column":27}},"2":{"start":{"line":21,"column":32},"end":{"line":21,"column":36}},"3":{"start":{"line":22,"column":35},"end":{"line":22,"column":39}},"4":{"start":{"line":23,"column":29},"end":{"line":23,"column":34}},"5":{"start":{"line":25,"column":19},"end":{"line":25,"column":46}},"6":{"start":{"line":26,"column":51},"end":{"line":26,"column":55}},"7":{"start":{"line":34,"column":4},"end":{"line":34,"column":29}},"8":{"start":{"line":38,"column":4},"end":{"line":38,"column":65}},"9":{"start":{"line":42,"column":18},"end":{"line":42,"column":44}},"10":{"start":{"line":43,"column":4},"end":{"line":43,"column":82}},"11":{"start":{"line":43,"column":41},"end":{"line":43,"column":82}},"12":{"start":{"line":43,"column":68},"end":{"line":43,"column":80}},"13":{"start":{"line":44,"column":4},"end":{"line":44,"column":83}},"14":{"start":{"line":44,"column":43},"end":{"line":44,"column":83}},"15":{"start":{"line":44,"column":70},"end":{"line":44,"column":81}},"16":{"start":{"line":45,"column":4},"end":{"line":45,"column":17}},"17":{"start":{"line":49,"column":4},"end":{"line":49,"column":75}},"18":{"start":{"line":49,"column":54},"end":{"line":49,"column":66}},"19":{"start":{"line":53,"column":4},"end":{"line":53,"column":74}},"20":{"start":{"line":53,"column":54},"end":{"line":53,"column":65}},"21":{"start":{"line":57,"column":4},"end":{"line":59,"column":7}},"22":{"start":{"line":58,"column":6},"end":{"line":58,"column":33}},"23":{"start":{"line":63,"column":4},"end":{"line":65,"column":5}},"24":{"start":{"line":64,"column":6},"end":{"line":64,"column":36}},"25":{"start":{"line":67,"column":23},"end":{"line":67,"column":67}},"26":{"start":{"line":68,"column":4},"end":{"line":70,"column":5}},"27":{"start":{"line":69,"column":6},"end":{"line":69,"column":27}},"28":{"start":{"line":74,"column":4},"end":{"line":74,"column":56}},"29":{"start":{"line":76,"column":4},"end":{"line":81,"column":5}},"30":{"start":{"line":77,"column":6},"end":{"line":77,"column":49}},"31":{"start":{"line":78,"column":6},"end":{"line":78,"column":59}},"32":{"start":{"line":80,"column":6},"end":{"line":80,"column":46}},"33":{"start":{"line":85,"column":26},"end":{"line":85,"column":40}},"34":{"start":{"line":86,"column":22},"end":{"line":86,"column":36}},"35":{"start":{"line":88,"column":4},"end":{"line":92,"column":7}},"36":{"start":{"line":89,"column":6},"end":{"line":91,"column":8}},"37":{"start":{"line":90,"column":8},"end":{"line":90,"column":101}},"38":{"start":{"line":94,"column":4},"end":{"line":94,"column":54}},"39":{"start":{"line":96,"column":4},"end":{"line":108,"column":5}},"40":{"start":{"line":97,"column":6},"end":{"line":97,"column":91}},"41":{"start":{"line":99,"column":6},"end":{"line":99,"column":57}},"42":{"start":{"line":101,"column":6},"end":{"line":105,"column":9}},"43":{"start":{"line":102,"column":8},"end":{"line":104,"column":10}},"44":{"start":{"line":103,"column":10},"end":{"line":103,"column":107}},"45":{"start":{"line":107,"column":6},"end":{"line":107,"column":44}},"46":{"start":{"line":112,"column":4},"end":{"line":112,"column":53}},"47":{"start":{"line":114,"column":28},"end":{"line":114,"column":73}},"48":{"start":{"line":116,"column":4},"end":{"line":127,"column":7}},"49":{"start":{"line":118,"column":8},"end":{"line":122,"column":11}},"50":{"start":{"line":119,"column":10},"end":{"line":119,"column":39}},"51":{"start":{"line":120,"column":10},"end":{"line":120,"column":38}},"52":{"start":{"line":121,"column":10},"end":{"line":121,"column":35}},"53":{"start":{"line":125,"column":8},"end":{"line":125,"column":45}},"54":{"start":{"line":131,"column":4},"end":{"line":131,"column":42}},"55":{"start":{"line":132,"column":4},"end":{"line":132,"column":34}},"56":{"start":{"line":134,"column":4},"end":{"line":140,"column":7}},"57":{"start":{"line":135,"column":6},"end":{"line":135,"column":34}},"58":{"start":{"line":136,"column":6},"end":{"line":136,"column":37}},"59":{"start":{"line":137,"column":6},"end":{"line":137,"column":31}},"60":{"start":{"line":138,"column":6},"end":{"line":138,"column":34}},"61":{"start":{"line":139,"column":6},"end":{"line":139,"column":32}},"62":{"start":{"line":144,"column":4},"end":{"line":158,"column":7}},"63":{"start":{"line":145,"column":6},"end":{"line":148,"column":7}},"64":{"start":{"line":146,"column":8},"end":{"line":146,"column":40}},"65":{"start":{"line":147,"column":8},"end":{"line":147,"column":34}},"66":{"start":{"line":150,"column":6},"end":{"line":153,"column":7}},"67":{"start":{"line":151,"column":8},"end":{"line":151,"column":43}},"68":{"start":{"line":152,"column":8},"end":{"line":152,"column":34}},"69":{"start":{"line":155,"column":6},"end":{"line":157,"column":7}},"70":{"start":{"line":156,"column":8},"end":{"line":156,"column":34}},"71":{"start":{"line":162,"column":25},"end":{"line":162,"column":102}},"72":{"start":{"line":163,"column":4},"end":{"line":163,"column":36}},"73":{"start":{"line":164,"column":4},"end":{"line":164,"column":55}}},"fnMap":{"0":{"name":"(anonymous_0)","decl":{"start":{"line":28,"column":2},"end":{"line":28,"column":3}},"loc":{"start":{"line":33,"column":4},"end":{"line":35,"column":3}},"line":33},"1":{"name":"(anonymous_1)","decl":{"start":{"line":37,"column":2},"end":{"line":37,"column":3}},"loc":{"start":{"line":37,"column":26},"end":{"line":39,"column":3}},"line":37},"2":{"name":"(anonymous_2)","decl":{"start":{"line":41,"column":2},"end":{"line":41,"column":3}},"loc":{"start":{"line":41,"column":30},"end":{"line":46,"column":3}},"line":41},"3":{"name":"(anonymous_3)","decl":{"start":{"line":43,"column":61},"end":{"line":43,"column":62}},"loc":{"start":{"line":43,"column":68},"end":{"line":43,"column":80}},"line":43},"4":{"name":"(anonymous_4)","decl":{"start":{"line":44,"column":63},"end":{"line":44,"column":64}},"loc":{"start":{"line":44,"column":70},"end":{"line":44,"column":81}},"line":44},"5":{"name":"(anonymous_5)","decl":{"start":{"line":48,"column":2},"end":{"line":48,"column":3}},"loc":{"start":{"line":48,"column":29},"end":{"line":50,"column":3}},"line":48},"6":{"name":"(anonymous_6)","decl":{"start":{"line":49,"column":47},"end":{"line":49,"column":48}},"loc":{"start":{"line":49,"column":54},"end":{"line":49,"column":66}},"line":49},"7":{"name":"(anonymous_7)","decl":{"start":{"line":52,"column":2},"end":{"line":52,"column":3}},"loc":{"start":{"line":52,"column":31},"end":{"line":54,"column":3}},"line":52},"8":{"name":"(anonymous_8)","decl":{"start":{"line":53,"column":47},"end":{"line":53,"column":48}},"loc":{"start":{"line":53,"column":54},"end":{"line":53,"column":65}},"line":53},"9":{"name":"(anonymous_9)","decl":{"start":{"line":56,"column":2},"end":{"line":56,"column":3}},"loc":{"start":{"line":56,"column":38},"end":{"line":60,"column":3}},"line":56},"10":{"name":"(anonymous_10)","decl":{"start":{"line":57,"column":16},"end":{"line":57,"column":17}},"loc":{"start":{"line":57,"column":22},"end":{"line":59,"column":5}},"line":57},"11":{"name":"(anonymous_11)","decl":{"start":{"line":62,"column":2},"end":{"line":62,"column":3}},"loc":{"start":{"line":62,"column":36},"end":{"line":71,"column":3}},"line":62},"12":{"name":"(anonymous_12)","decl":{"start":{"line":73,"column":2},"end":{"line":73,"column":3}},"loc":{"start":{"line":73,"column":33},"end":{"line":82,"column":3}},"line":73},"13":{"name":"(anonymous_13)","decl":{"start":{"line":84,"column":2},"end":{"line":84,"column":3}},"loc":{"start":{"line":84,"column":52},"end":{"line":109,"column":3}},"line":84},"14":{"name":"(anonymous_14)","decl":{"start":{"line":88,"column":16},"end":{"line":88,"column":17}},"loc":{"start":{"line":88,"column":22},"end":{"line":92,"column":5}},"line":88},"15":{"name":"(anonymous_15)","decl":{"start":{"line":89,"column":62},"end":{"line":89,"column":63}},"loc":{"start":{"line":90,"column":8},"end":{"line":90,"column":101}},"line":90},"16":{"name":"(anonymous_16)","decl":{"start":{"line":101,"column":18},"end":{"line":101,"column":19}},"loc":{"start":{"line":101,"column":24},"end":{"line":105,"column":7}},"line":101},"17":{"name":"(anonymous_17)","decl":{"start":{"line":102,"column":64},"end":{"line":102,"column":65}},"loc":{"start":{"line":103,"column":10},"end":{"line":103,"column":107}},"line":103},"18":{"name":"(anonymous_18)","decl":{"start":{"line":111,"column":2},"end":{"line":111,"column":3}},"loc":{"start":{"line":111,"column":50},"end":{"line":128,"column":3}},"line":111},"19":{"name":"(anonymous_19)","decl":{"start":{"line":117,"column":12},"end":{"line":117,"column":13}},"loc":{"start":{"line":117,"column":23},"end":{"line":123,"column":7}},"line":117},"20":{"name":"(anonymous_20)","decl":{"start":{"line":118,"column":20},"end":{"line":118,"column":21}},"loc":{"start":{"line":118,"column":26},"end":{"line":122,"column":9}},"line":118},"21":{"name":"(anonymous_21)","decl":{"start":{"line":124,"column":13},"end":{"line":124,"column":14}},"loc":{"start":{"line":124,"column":33},"end":{"line":126,"column":7}},"line":124},"22":{"name":"(anonymous_22)","decl":{"start":{"line":130,"column":2},"end":{"line":130,"column":3}},"loc":{"start":{"line":130,"column":16},"end":{"line":141,"column":3}},"line":130},"23":{"name":"(anonymous_23)","decl":{"start":{"line":134,"column":16},"end":{"line":134,"column":17}},"loc":{"start":{"line":134,"column":22},"end":{"line":140,"column":5}},"line":134},"24":{"name":"(anonymous_24)","decl":{"start":{"line":143,"column":2},"end":{"line":143,"column":3}},"loc":{"start":{"line":143,"column":91},"end":{"line":159,"column":3}},"line":143},"25":{"name":"(anonymous_25)","decl":{"start":{"line":144,"column":16},"end":{"line":144,"column":17}},"loc":{"start":{"line":144,"column":22},"end":{"line":158,"column":5}},"line":144},"26":{"name":"(anonymous_26)","decl":{"start":{"line":161,"column":2},"end":{"line":161,"column":3}},"loc":{"start":{"line":161,"column":58},"end":{"line":165,"column":3}},"line":161}},"branchMap":{"0":{"loc":{"start":{"line":38,"column":11},"end":{"line":38,"column":64}},"type":"binary-expr","locations":[{"start":{"line":38,"column":11},"end":{"line":38,"column":31}},{"start":{"line":38,"column":35},"end":{"line":38,"column":64}}],"line":38},"1":{"loc":{"start":{"line":42,"column":18},"end":{"line":42,"column":44}},"type":"binary-expr","locations":[{"start":{"line":42,"column":18},"end":{"line":42,"column":38}},{"start":{"line":42,"column":42},"end":{"line":42,"column":44}}],"line":42},"2":{"loc":{"start":{"line":43,"column":4},"end":{"line":43,"column":82}},"type":"if","locations":[{"start":{"line":43,"column":4},"end":{"line":43,"column":82}},{"start":{},"end":{}}],"line":43},"3":{"loc":{"start":{"line":44,"column":4},"end":{"line":44,"column":83}},"type":"if","locations":[{"start":{"line":44,"column":4},"end":{"line":44,"column":83}},{"start":{},"end":{}}],"line":44},"4":{"loc":{"start":{"line":49,"column":12},"end":{"line":49,"column":38}},"type":"binary-expr","locations":[{"start":{"line":49,"column":12},"end":{"line":49,"column":32}},{"start":{"line":49,"column":36},"end":{"line":49,"column":38}}],"line":49},"5":{"loc":{"start":{"line":53,"column":12},"end":{"line":53,"column":38}},"type":"binary-expr","locations":[{"start":{"line":53,"column":12},"end":{"line":53,"column":32}},{"start":{"line":53,"column":36},"end":{"line":53,"column":38}}],"line":53},"6":{"loc":{"start":{"line":63,"column":4},"end":{"line":65,"column":5}},"type":"if","locations":[{"start":{"line":63,"column":4},"end":{"line":65,"column":5}},{"start":{},"end":{}}],"line":63},"7":{"loc":{"start":{"line":68,"column":4},"end":{"line":70,"column":5}},"type":"if","locations":[{"start":{"line":68,"column":4},"end":{"line":70,"column":5}},{"start":{},"end":{}}],"line":68},"8":{"loc":{"start":{"line":89,"column":30},"end":{"line":89,"column":56}},"type":"binary-expr","locations":[{"start":{"line":89,"column":30},"end":{"line":89,"column":50}},{"start":{"line":89,"column":54},"end":{"line":89,"column":56}}],"line":89},"9":{"loc":{"start":{"line":90,"column":8},"end":{"line":90,"column":101}},"type":"cond-expr","locations":[{"start":{"line":90,"column":37},"end":{"line":90,"column":87}},{"start":{"line":90,"column":90},"end":{"line":90,"column":101}}],"line":90},"10":{"loc":{"start":{"line":102,"column":32},"end":{"line":102,"column":58}},"type":"binary-expr","locations":[{"start":{"line":102,"column":32},"end":{"line":102,"column":52}},{"start":{"line":102,"column":56},"end":{"line":102,"column":58}}],"line":102},"11":{"loc":{"start":{"line":103,"column":10},"end":{"line":103,"column":107}},"type":"cond-expr","locations":[{"start":{"line":103,"column":39},"end":{"line":103,"column":93}},{"start":{"line":103,"column":96},"end":{"line":103,"column":107}}],"line":103},"12":{"loc":{"start":{"line":145,"column":6},"end":{"line":148,"column":7}},"type":"if","locations":[{"start":{"line":145,"column":6},"end":{"line":148,"column":7}},{"start":{},"end":{}}],"line":145},"13":{"loc":{"start":{"line":150,"column":6},"end":{"line":153,"column":7}},"type":"if","locations":[{"start":{"line":150,"column":6},"end":{"line":153,"column":7}},{"start":{},"end":{}}],"line":150},"14":{"loc":{"start":{"line":155,"column":6},"end":{"line":157,"column":7}},"type":"if","locations":[{"start":{"line":155,"column":6},"end":{"line":157,"column":7}},{"start":{},"end":{}}],"line":155},"15":{"loc":{"start":{"line":162,"column":46},"end":{"line":162,"column":100}},"type":"cond-expr","locations":[{"start":{"line":162,"column":71},"end":{"line":162,"column":84}},{"start":{"line":162,"column":87},"end":{"line":162,"column":100}}],"line":162}},"s":{"0":3,"1":3,"2":3,"3":3,"4":3,"5":3,"6":3,"7":3,"8":0,"9":5,"10":5,"11":2,"12":4,"13":3,"14":2,"15":4,"16":1,"17":0,"18":0,"19":0,"20":0,"21":2,"22":2,"23":3,"24":3,"25":3,"26":3,"27":1,"28":1,"29":1,"30":1,"31":1,"32":0,"33":0,"34":0,"35":0,"36":0,"37":0,"38":0,"39":0,"40":0,"41":0,"42":0,"43":0,"44":0,"45":0,"46":3,"47":3,"48":3,"49":3,"50":3,"51":3,"52":3,"53":0,"54":0,"55":0,"56":0,"57":0,"58":0,"59":0,"60":0,"61":0,"62":5,"63":5,"64":3,"65":3,"66":5,"67":2,"68":2,"69":5,"70":0,"71":0,"72":0,"73":0},"f":{"0":3,"1":0,"2":5,"3":4,"4":4,"5":0,"6":0,"7":0,"8":0,"9":2,"10":2,"11":3,"12":1,"13":0,"14":0,"15":0,"16":0,"17":0,"18":3,"19":3,"20":3,"21":0,"22":0,"23":0,"24":5,"25":5,"26":0},"b":{"0":[0,0],"1":[5,0],"2":[2,3],"3":[2,1],"4":[0,0],"5":[0,0],"6":[3,0],"7":[1,2],"8":[0,0],"9":[0,0],"10":[0,0],"11":[0,0],"12":[3,2],"13":[2,3],"14":[0,5],"15":[0,0]},"_coverageSchema":"1a1c01bbd47fc00a2c39e90264f33305004495a9","hash":"8e89193194cf91c4880a5e7d5257d9e614e58400"}
,"C:\\Users\\kevin\\OneDrive\\Documentos\\Proyectos\\repo-interview-kata\\src\\ui\\screens\\TaskDetail\\TaskDetailViewModel.ts": {"path":"C:\\Users\\kevin\\OneDrive\\Documentos\\Proyectos\\repo-interview-kata\\src\\ui\\screens\\TaskDetail\\TaskDetailViewModel.ts","statementMap":{"0":{"start":{"line":11,"column":19},"end":{"line":11,"column":52}},"1":{"start":{"line":13,"column":22},"end":{"line":13,"column":26}},"2":{"start":{"line":14,"column":16},"end":{"line":14,"column":21}},"3":{"start":{"line":20,"column":4},"end":{"line":20,"column":29}},"4":{"start":{"line":24,"column":4},"end":{"line":24,"column":21}},"5":{"start":{"line":25,"column":4},"end":{"line":25,"column":38}},"6":{"start":{"line":26,"column":4},"end":{"line":26,"column":63}},"7":{"start":{"line":30,"column":4},"end":{"line":30,"column":27}},"8":{"start":{"line":30,"column":20},"end":{"line":30,"column":27}},"9":{"start":{"line":32,"column":26},"end":{"line":32,"column":42}},"10":{"start":{"line":33,"column":22},"end":{"line":33,"column":36}},"11":{"start":{"line":35,"column":4},"end":{"line":47,"column":7}},"12":{"start":{"line":36,"column":26},"end":{"line":36,"column":35}},"13":{"start":{"line":37,"column":6},"end":{"line":37,"column":31}},"14":{"start":{"line":37,"column":24},"end":{"line":37,"column":31}},"15":{"start":{"line":39,"column":6},"end":{"line":39,"column":35}},"16":{"start":{"line":40,"column":6},"end":{"line":46,"column":9}},"17":{"start":{"line":49,"column":4},"end":{"line":68,"column":5}},"18":{"start":{"line":50,"column":6},"end":{"line":50,"column":96}},"19":{"start":{"line":51,"column":6},"end":{"line":51,"column":59}},"20":{"start":{"line":53,"column":6},"end":{"line":65,"column":9}},"21":{"start":{"line":54,"column":8},"end":{"line":54,"column":41}},"22":{"start":{"line":55,"column":8},"end":{"line":64,"column":9}},"23":{"start":{"line":56,"column":30},"end":{"line":56,"column":39}},"24":{"start":{"line":57,"column":10},"end":{"line":63,"column":13}},"25":{"start":{"line":67,"column":6},"end":{"line":67,"column":106}},"26":{"start":{"line":72,"column":4},"end":{"line":72,"column":31}},"27":{"start":{"line":72,"column":20},"end":{"line":72,"column":31}},"28":{"start":{"line":73,"column":4},"end":{"line":73,"column":58}},"29":{"start":{"line":77,"column":4},"end":{"line":77,"column":28}},"30":{"start":{"line":81,"column":4},"end":{"line":81,"column":30}}},"fnMap":{"0":{"name":"(anonymous_0)","decl":{"start":{"line":16,"column":2},"end":{"line":16,"column":3}},"loc":{"start":{"line":19,"column":4},"end":{"line":21,"column":3}},"line":19},"1":{"name":"(anonymous_1)","decl":{"start":{"line":23,"column":2},"end":{"line":23,"column":3}},"loc":{"start":{"line":23,"column":28},"end":{"line":27,"column":3}},"line":23},"2":{"name":"(anonymous_2)","decl":{"start":{"line":29,"column":2},"end":{"line":29,"column":3}},"loc":{"start":{"line":29,"column":41},"end":{"line":69,"column":3}},"line":29},"3":{"name":"(anonymous_3)","decl":{"start":{"line":35,"column":16},"end":{"line":35,"column":17}},"loc":{"start":{"line":35,"column":22},"end":{"line":47,"column":5}},"line":35},"4":{"name":"(anonymous_4)","decl":{"start":{"line":53,"column":18},"end":{"line":53,"column":19}},"loc":{"start":{"line":53,"column":24},"end":{"line":65,"column":7}},"line":53},"5":{"name":"(anonymous_5)","decl":{"start":{"line":71,"column":2},"end":{"line":71,"column":3}},"loc":{"start":{"line":71,"column":28},"end":{"line":74,"column":3}},"line":71},"6":{"name":"(anonymous_6)","decl":{"start":{"line":76,"column":2},"end":{"line":76,"column":3}},"loc":{"start":{"line":76,"column":29},"end":{"line":78,"column":3}},"line":76},"7":{"name":"(anonymous_7)","decl":{"start":{"line":80,"column":2},"end":{"line":80,"column":3}},"loc":{"start":{"line":80,"column":29},"end":{"line":82,"column":3}},"line":80}},"branchMap":{"0":{"loc":{"start":{"line":30,"column":4},"end":{"line":30,"column":27}},"type":"if","locations":[{"start":{"line":30,"column":4},"end":{"line":30,"column":27}},{"start":{},"end":{}}],"line":30},"1":{"loc":{"start":{"line":37,"column":6},"end":{"line":37,"column":31}},"type":"if","locations":[{"start":{"line":37,"column":6},"end":{"line":37,"column":31}},{"start":{},"end":{}}],"line":37},"2":{"loc":{"start":{"line":55,"column":8},"end":{"line":64,"column":9}},"type":"if","locations":[{"start":{"line":55,"column":8},"end":{"line":64,"column":9}},{"start":{},"end":{}}],"line":55},"3":{"loc":{"start":{"line":67,"column":48},"end":{"line":67,"column":102}},"type":"cond-expr","locations":[{"start":{"line":67,"column":73},"end":{"line":67,"column":86}},{"start":{"line":67,"column":89},"end":{"line":67,"column":102}}],"line":67},"4":{"loc":{"start":{"line":72,"column":4},"end":{"line":72,"column":31}},"type":"if","locations":[{"start":{"line":72,"column":4},"end":{"line":72,"column":31}},{"start":{},"end":{}}],"line":72}},"s":{"0":2,"1":2,"2":2,"3":2,"4":2,"5":2,"6":2,"7":2,"8":0,"9":2,"10":2,"11":2,"12":2,"13":2,"14":0,"15":2,"16":2,"17":2,"18":2,"19":1,"20":1,"21":1,"22":1,"23":1,"24":1,"25":1,"26":0,"27":0,"28":0,"29":0,"30":0},"f":{"0":2,"1":2,"2":2,"3":2,"4":1,"5":0,"6":0,"7":0},"b":{"0":[0,2],"1":[0,2],"2":[1,0],"3":[1,0],"4":[0,0]},"_coverageSchema":"1a1c01bbd47fc00a2c39e90264f33305004495a9","hash":"66e4d10fa1584153c1752dca8e62d8db99a235b6"}
}
