TN:
SF:src\domain\entities\Task.ts
FN:19,(anonymous_0)
FNF:1
FNH:1
FNDA:10,(anonymous_0)
DA:20,10
DA:21,10
DA:22,10
DA:23,10
DA:24,10
DA:25,10
LF:6
LH:6
BRF:0
BRH:0
end_of_record
TN:
SF:src\domain\repositories\TaskRepository.ts
FNF:0
FNH:0
LF:0
LH:0
BRF:0
BRH:0
end_of_record
TN:
SF:src\domain\useCases\GetAllTasksUseCase\index.ts
FN:10,(anonymous_0)
FN:12,(anonymous_1)
FNF:2
FNH:0
FNDA:0,(anonymous_0)
FNDA:0,(anonymous_1)
DA:13,0
LF:1
LH:0
BRF:0
BRH:0
end_of_record
TN:
SF:src\domain\useCases\ObserveTasksUseCase\index.ts
FN:11,(anonymous_0)
FN:13,(anonymous_1)
FNF:2
FNH:2
FNDA:1,(anonymous_0)
FNDA:1,(anonymous_1)
DA:14,1
LF:1
LH:1
BRF:0
BRH:0
end_of_record
TN:
SF:src\domain\useCases\SyncTasksUseCase\index.ts
FN:9,(anonymous_0)
FN:11,(anonymous_1)
FNF:2
FNH:2
FNDA:1,(anonymous_0)
FNDA:1,(anonymous_1)
DA:12,1
LF:1
LH:1
BRF:0
BRH:0
end_of_record
TN:
SF:src\domain\useCases\ToggleTaskCompletedUseCase\index.ts
FN:14,(anonymous_0)
FN:16,(anonymous_1)
FNF:2
FNH:2
FNDA:1,(anonymous_0)
FNDA:1,(anonymous_1)
DA:17,1
LF:1
LH:1
BRF:0
BRH:0
end_of_record
TN:
SF:src\ui\screens\Home\HomeViewModel.ts
FN:28,(anonymous_0)
FN:37,(anonymous_1)
FN:41,(anonymous_2)
FN:43,(anonymous_3)
FN:44,(anonymous_4)
FN:48,(anonymous_5)
FN:49,(anonymous_6)
FN:52,(anonymous_7)
FN:53,(anonymous_8)
FN:56,(anonymous_9)
FN:57,(anonymous_10)
FN:62,(anonymous_11)
FN:73,(anonymous_12)
FN:84,(anonymous_13)
FN:88,(anonymous_14)
FN:89,(anonymous_15)
FN:101,(anonymous_16)
FN:102,(anonymous_17)
FN:111,(anonymous_18)
FN:117,(anonymous_19)
FN:118,(anonymous_20)
FN:124,(anonymous_21)
FN:130,(anonymous_22)
FN:134,(anonymous_23)
FN:143,(anonymous_24)
FN:144,(anonymous_25)
FN:161,(anonymous_26)
FNF:27
FNH:13
FNDA:3,(anonymous_0)
FNDA:0,(anonymous_1)
FNDA:5,(anonymous_2)
FNDA:4,(anonymous_3)
FNDA:4,(anonymous_4)
FNDA:0,(anonymous_5)
FNDA:0,(anonymous_6)
FNDA:0,(anonymous_7)
FNDA:0,(anonymous_8)
FNDA:2,(anonymous_9)
FNDA:2,(anonymous_10)
FNDA:3,(anonymous_11)
FNDA:1,(anonymous_12)
FNDA:0,(anonymous_13)
FNDA:0,(anonymous_14)
FNDA:0,(anonymous_15)
FNDA:0,(anonymous_16)
FNDA:0,(anonymous_17)
FNDA:3,(anonymous_18)
FNDA:3,(anonymous_19)
FNDA:3,(anonymous_20)
FNDA:0,(anonymous_21)
FNDA:0,(anonymous_22)
FNDA:0,(anonymous_23)
FNDA:5,(anonymous_24)
FNDA:5,(anonymous_25)
FNDA:0,(anonymous_26)
DA:19,3
DA:20,3
DA:21,3
DA:22,3
DA:23,3
DA:25,3
DA:26,3
DA:34,3
DA:38,0
DA:42,5
DA:43,5
DA:44,4
DA:45,1
DA:49,0
DA:53,0
DA:57,2
DA:58,2
DA:63,3
DA:64,3
DA:67,3
DA:68,3
DA:69,1
DA:74,1
DA:76,1
DA:77,1
DA:78,1
DA:80,0
DA:85,0
DA:86,0
DA:88,0
DA:89,0
DA:90,0
DA:94,0
DA:96,0
DA:97,0
DA:99,0
DA:101,0
DA:102,0
DA:103,0
DA:107,0
DA:112,3
DA:114,3
DA:116,3
DA:118,3
DA:119,3
DA:120,3
DA:121,3
DA:125,0
DA:131,0
DA:132,0
DA:134,0
DA:135,0
DA:136,0
DA:137,0
DA:138,0
DA:139,0
DA:144,5
DA:145,5
DA:146,3
DA:147,3
DA:150,5
DA:151,2
DA:152,2
DA:155,5
DA:156,0
DA:162,0
DA:163,0
DA:164,0
LF:68
LH:38
BRDA:38,0,0,0
BRDA:38,0,1,0
BRDA:42,1,0,5
BRDA:42,1,1,0
BRDA:43,2,0,2
BRDA:43,2,1,3
BRDA:44,3,0,2
BRDA:44,3,1,1
BRDA:49,4,0,0
BRDA:49,4,1,0
BRDA:53,5,0,0
BRDA:53,5,1,0
BRDA:63,6,0,3
BRDA:63,6,1,0
BRDA:68,7,0,1
BRDA:68,7,1,2
BRDA:89,8,0,0
BRDA:89,8,1,0
BRDA:90,9,0,0
BRDA:90,9,1,0
BRDA:102,10,0,0
BRDA:102,10,1,0
BRDA:103,11,0,0
BRDA:103,11,1,0
BRDA:145,12,0,3
BRDA:145,12,1,2
BRDA:150,13,0,2
BRDA:150,13,1,3
BRDA:155,14,0,0
BRDA:155,14,1,5
BRDA:162,15,0,0
BRDA:162,15,1,0
BRF:32
BRH:13
end_of_record
TN:
SF:src\ui\screens\TaskDetail\TaskDetailViewModel.ts
FN:16,(anonymous_0)
FN:23,(anonymous_1)
FN:29,(anonymous_2)
FN:35,(anonymous_3)
FN:53,(anonymous_4)
FN:71,(anonymous_5)
FN:76,(anonymous_6)
FN:80,(anonymous_7)
FNF:8
FNH:5
FNDA:2,(anonymous_0)
FNDA:2,(anonymous_1)
FNDA:2,(anonymous_2)
FNDA:2,(anonymous_3)
FNDA:1,(anonymous_4)
FNDA:0,(anonymous_5)
FNDA:0,(anonymous_6)
FNDA:0,(anonymous_7)
DA:11,2
DA:13,2
DA:14,2
DA:20,2
DA:24,2
DA:25,2
DA:26,2
DA:30,2
DA:32,2
DA:33,2
DA:35,2
DA:36,2
DA:37,2
DA:39,2
DA:40,2
DA:49,2
DA:50,2
DA:51,1
DA:53,1
DA:54,1
DA:55,1
DA:56,1
DA:57,1
DA:67,1
DA:72,0
DA:73,0
DA:77,0
DA:81,0
LF:28
LH:24
BRDA:30,0,0,0
BRDA:30,0,1,2
BRDA:37,1,0,0
BRDA:37,1,1,2
BRDA:55,2,0,1
BRDA:55,2,1,0
BRDA:67,3,0,1
BRDA:67,3,1,0
BRDA:72,4,0,0
BRDA:72,4,1,0
BRF:10
BRH:4
end_of_record
